2026-04-25 21:16:06,074 - INFO - 
======================================================================
2026-04-25 21:16:06,075 - INFO - STARTING PREPROCESSING PIPELINE
2026-04-25 21:16:06,075 - INFO - ======================================================================
2026-04-25 21:16:06,075 - INFO - Loading dataset from: resume_dataset.csv
2026-04-25 21:16:06,847 - INFO -   Shape: (2484, 4)
2026-04-25 21:16:06,848 - INFO -   Columns: ['ID', 'Resume_str', 'Resume_html', 'Category']
2026-04-25 21:16:06,848 - INFO - 
======================================================================
2026-04-25 21:16:06,848 - INFO - RAW DATASET EXPLORATION (BEFORE PREPROCESSING)
2026-04-25 21:16:06,849 - INFO - ======================================================================
2026-04-25 21:16:26,306 - INFO - 
======================================================================
2026-04-25 21:16:26,306 - INFO - APPLYING PREPROCESSING PIPELINE
2026-04-25 21:16:26,326 - INFO - ======================================================================
2026-04-25 21:16:26,329 - INFO - Processing text data...
2026-04-25 21:23:19,347 - INFO - spaCy model loaded: en_core_web_md
2026-04-25 21:23:19,347 - INFO - 
======================================================================
2026-04-25 21:23:19,348 - INFO - STARTING PREPROCESSING PIPELINE
2026-04-25 21:23:19,348 - INFO - ======================================================================
2026-04-25 21:23:19,348 - INFO - Loading dataset from: resume_dataset.csv
2026-04-25 21:23:20,160 - INFO - Dataset loaded successfully
2026-04-25 21:23:20,160 - INFO -   Shape: (2484, 4)
2026-04-25 21:23:20,160 - INFO -   Columns: ['ID', 'Resume_str', 'Resume_html', 'Category']
2026-04-25 21:23:20,160 - INFO - 
======================================================================
2026-04-25 21:23:20,161 - INFO - RAW DATASET EXPLORATION (BEFORE PREPROCESSING)
2026-04-25 21:23:20,161 - INFO - ======================================================================
2026-04-25 21:23:20,559 - INFO - Detected text column: 'Resume_str'
2026-04-25 21:23:24,651 - INFO - Class distribution plot saved: processed_data\01_class_distribution_raw.png
2026-04-25 21:23:24,664 - INFO - 
======================================================================
2026-04-25 21:23:24,664 - INFO - APPLYING PREPROCESSING PIPELINE
2026-04-25 21:23:24,665 - INFO - ======================================================================
2026-04-25 21:23:24,668 - INFO - Processing text data...
2026-04-25 21:48:17,200 - WARNING - 1 samples became empty after preprocessing - removing them
2026-04-25 21:48:17,206 - INFO - 
======================================================================
2026-04-25 21:48:17,206 - INFO - PREPROCESSING COMPARISON REPORT
2026-04-25 21:48:17,207 - INFO - ======================================================================
2026-04-25 21:48:43,324 - INFO - Preprocessing comparison plot saved: processed_data\02_preprocessing_comparison.png
2026-04-25 21:48:44,389 - INFO - Processed dataset saved: processed_data\resume_dataset_cleaned.csv
2026-04-25 21:48:44,397 - INFO - Preprocessing stats saved: processed_data\preprocessing_stats.json
